<?xml version="1.0" encoding="UTF-8"?>
<!-- Generated by org.testng.reporters.JUnitReportReporter -->
<testsuite skipped="3" hostname="DESKTOP-FUMLMVD" name="tests.HotelLogin" tests="4" failures="0" timestamp="07 Jul 2020 23:47:05 GMT" time="45.671" errors="0">
  <testcase name="liginWithParameter" time="45.671" classname="tests.HotelLogin"/>
  <testcase name="loginToHotelPage" classname="tests.HotelLogin">
    <skipped/>
  </testcase> <!-- loginToHotelPage -->
  <testcase name="testThree" classname="tests.HotelLogin">
    <skipped/>
  </testcase> <!-- testThree -->
  <testcase name="testFour" classname="tests.HotelLogin">
    <skipped/>
  </testcase> <!-- testFour -->
</testsuite> <!-- tests.HotelLogin -->
